I, [2021-01-19T16:20:59.725990 #3005]  INFO -- : Registered expected interaction GET /products
D, [2021-01-19T16:20:59.726276 #3005] DEBUG -- : {
  "description": "a request to retrieve product list",
  "providerState": "it has one product",
  "request": {
    "method": "GET",
    "path": "/products"
  },
  "response": {
    "status": 200,
    "headers": {
    },
    "body": [
      {
        "name": "Foo"
      }
    ]
  }
}
I, [2021-01-19T16:20:59.740459 #3005]  INFO -- : Received request GET /products
D, [2021-01-19T16:20:59.740582 #3005] DEBUG -- : {
  "path": "/products",
  "query": "",
  "method": "get",
  "headers": {
    "Host": "localhost:1234",
    "Connection": "close",
    "Version": "HTTP/1.1"
  }
}
I, [2021-01-19T16:20:59.740783 #3005]  INFO -- : Found matching response for GET /products
D, [2021-01-19T16:20:59.740869 #3005] DEBUG -- : {
  "status": 200,
  "headers": {
  },
  "body": [
    {
      "name": "Foo"
    }
  ]
}
I, [2021-01-19T16:20:59.748461 #3005]  INFO -- : Verifying - interactions matched for example ""
I, [2021-01-19T16:20:59.753382 #3005]  INFO -- : Cleared interactions before example ""
I, [2021-01-19T16:20:59.760280 #3005]  INFO -- : Registered expected interaction GET /products?min-price=2&max-price=5
D, [2021-01-19T16:20:59.760431 #3005] DEBUG -- : {
  "description": "a request to retrieve product list filtered by price",
  "providerState": "it has multiple products with different prices",
  "request": {
    "method": "GET",
    "path": "/products",
    "query": {
      "min-price": [
        "2"
      ],
      "max-price": [
        "5"
      ]
    }
  },
  "response": {
    "status": 200,
    "headers": {
    },
    "body": {
      "json_class": "Pact::ArrayLike",
      "contents": {
        "name": "Foo",
        "img": "http://foo-url.com",
        "price": 2
      },
      "min": 1
    }
  }
}
I, [2021-01-19T16:20:59.765334 #3005]  INFO -- : Received request GET /products?min-price=2&max-price=5
D, [2021-01-19T16:20:59.765417 #3005] DEBUG -- : {
  "path": "/products",
  "query": "min-price=2&max-price=5",
  "method": "get",
  "headers": {
    "Host": "localhost:1234",
    "Accept": "application/json",
    "Connection": "close",
    "Version": "HTTP/1.1"
  }
}
I, [2021-01-19T16:20:59.765631 #3005]  INFO -- : Found matching response for GET /products?min-price=2&max-price=5
D, [2021-01-19T16:20:59.765699 #3005] DEBUG -- : {
  "status": 200,
  "headers": {
  },
  "body": {
    "json_class": "Pact::ArrayLike",
    "contents": {
      "name": "Foo",
      "img": "http://foo-url.com",
      "price": 2
    },
    "min": 1
  }
}
I, [2021-01-19T16:20:59.769338 #3005]  INFO -- : Verifying - interactions matched for example ""
I, [2021-01-19T16:20:59.772189 #3005]  INFO -- : Cleared interactions before example ""
I, [2021-01-19T16:20:59.776842 #3005]  INFO -- : Registered expected interaction POST /products
D, [2021-01-19T16:20:59.776961 #3005] DEBUG -- : {
  "description": "a request to create a new product",
  "providerState": "it has one product",
  "request": {
    "method": "POST",
    "path": "/products",
    "headers": {
      "Content-Type": "application/json"
    },
    "body": {
      "name": "Bar",
      "img": "https://webshop.com/img/cheap-shoe.png",
      "price": 2,
      "stock": 3
    }
  },
  "response": {
    "status": 201,
    "headers": {
    },
    "body": {
      "id": {
        "json_class": "Pact::SomethingLike",
        "contents": 1
      },
      "name": "Bar",
      "img": "https://webshop.com/img/cheap-shoe.png",
      "price": 2,
      "stock": 3
    }
  }
}
I, [2021-01-19T16:20:59.781814 #3005]  INFO -- : Received request POST /products
D, [2021-01-19T16:20:59.781913 #3005] DEBUG -- : {
  "path": "/products",
  "query": "",
  "method": "post",
  "body": {
    "name": "Bar",
    "img": "https://webshop.com/img/cheap-shoe.png",
    "price": 2,
    "stock": 3
  },
  "headers": {
    "Content-Length": "81",
    "Content-Type": "application/json",
    "Host": "localhost:1234",
    "Accept": "application/json",
    "Connection": "close",
    "Version": "HTTP/1.1"
  }
}
I, [2021-01-19T16:20:59.782266 #3005]  INFO -- : Found matching response for POST /products
D, [2021-01-19T16:20:59.782339 #3005] DEBUG -- : {
  "status": 201,
  "headers": {
  },
  "body": {
    "id": {
      "json_class": "Pact::SomethingLike",
      "contents": 1
    },
    "name": "Bar",
    "img": "https://webshop.com/img/cheap-shoe.png",
    "price": 2,
    "stock": 3
  }
}
I, [2021-01-19T16:20:59.786270 #3005]  INFO -- : Verifying - interactions matched for example ""
I, [2021-01-19T16:20:59.789672 #3005]  INFO -- : Cleared interactions before example ""
I, [2021-01-19T16:20:59.794128 #3005]  INFO -- : Writing pact with details {:pactfile_write_mode=>"overwrite", :consumer=>{:name=>"Client"}, :provider=>{:name=>"ProductService"}}
I, [2021-01-19T16:20:59.794321 #3005]  INFO -- : Writing pact for ProductService to /Users/ashoktejagadepalli/Pact/consumer-api/pacts/client-productservice.json
