I, [2021-01-16T12:55:39.524363 #7419]  INFO -- : Registered expected interaction GET /token/1234
D, [2021-01-16T12:55:39.525885 #7419] DEBUG -- : {
  "description": "GET user token",
  "providerState": "user token",
  "request": {
    "method": "GET",
    "path": "/token/1234",
    "headers": {
      "Accept": "application/json, text/plain, */*"
    }
  },
  "response": {
    "status": 200,
    "headers": {
      "Content-Type": "application/json"
    },
    "body": {
      "token": {
        "json_class": "Pact::SomethingLike",
        "contents": "bearer"
      }
    }
  },
  "metadata": null
}
I, [2021-01-16T12:55:39.533430 #7419]  INFO -- : Received request GET /token/1234
D, [2021-01-16T12:55:39.533519 #7419] DEBUG -- : {
  "path": "/token/1234",
  "query": "",
  "method": "get",
  "headers": {
    "Accept": "application/json, text/plain, */*",
    "User-Agent": "axios/0.19.2",
    "Host": "127.0.0.1:1234",
    "Connection": "close",
    "Version": "HTTP/1.1"
  }
}
I, [2021-01-16T12:55:39.534397 #7419]  INFO -- : Found matching response for GET /token/1234
D, [2021-01-16T12:55:39.534463 #7419] DEBUG -- : {
  "status": 200,
  "headers": {
    "Content-Type": "application/json"
  },
  "body": {
    "token": {
      "json_class": "Pact::SomethingLike",
      "contents": "bearer"
    }
  }
}
I, [2021-01-16T12:55:39.536602 #7419]  INFO -- : Verifying - interactions matched
I, [2021-01-16T12:55:39.539134 #7419]  INFO -- : Cleared interactions
I, [2021-01-16T12:55:39.541996 #7419]  INFO -- : Writing pact for token to /Users/ashoktejagadepalli/work/pact/pact-online-course/pacts/react-token.json
